0 verbose cli /Users/topi/.nvm/versions/node/v22.14.0/bin/node /Users/topi/.nvm/versions/node/v22.14.0/bin/npm
1 info using npm@10.9.2
2 info using node@v22.14.0
3 silly config load:file:/Users/topi/.nvm/versions/node/v22.14.0/lib/node_modules/npm/npmrc
4 silly config load:file:/Users/topi/proj/ai-experiments/remind/web/.npmrc
5 silly config load:file:/Users/topi/.npmrc
6 silly config load:file:/Users/topi/.nvm/versions/node/v22.14.0/etc/npmrc
7 verbose title npm install lucide-svelte
8 verbose argv "install" "lucide-svelte" "--cache" ".npm-cache"
9 verbose logfile logs-max:10 dir:/Users/topi/proj/ai-experiments/remind/web/.npm-cache/_logs/2026-01-08T22_18_49_438Z-
10 verbose logfile /Users/topi/proj/ai-experiments/remind/web/.npm-cache/_logs/2026-01-08T22_18_49_438Z-debug-0.log
11 silly logfile done cleaning log files
12 silly packumentCache heap:4345298944 maxSize:1086324736 maxEntrySize:543162368
13 silly idealTree buildDeps
14 silly fetch manifest lucide-svelte@*
15 silly packumentCache full:https://registry.npmjs.org/lucide-svelte cache-miss
16 http fetch GET 200 https://registry.npmjs.org/lucide-svelte 131ms (cache miss)
17 silly packumentCache full:https://registry.npmjs.org/lucide-svelte set size:undefined disposed:false
18 silly fetch manifest svelte@^5.0.0
19 silly packumentCache full:https://registry.npmjs.org/svelte cache-miss
20 http fetch GET 200 https://registry.npmjs.org/svelte 677ms (cache miss)
21 silly packumentCache full:https://registry.npmjs.org/svelte set size:undefined disposed:false
22 silly placeDep ROOT lucide-svelte@0.562.0 OK for: remind-web@0.1.0 want: *
23 silly reify moves {}
24 silly audit bulk request {
24 silly audit   '@esbuild/aix-ppc64': [ '0.21.5' ],
24 silly audit   '@esbuild/android-arm': [ '0.21.5' ],
24 silly audit   '@esbuild/android-arm64': [ '0.21.5' ],
24 silly audit   '@esbuild/android-x64': [ '0.21.5' ],
24 silly audit   '@esbuild/darwin-arm64': [ '0.21.5' ],
24 silly audit   '@esbuild/darwin-x64': [ '0.21.5' ],
24 silly audit   '@esbuild/freebsd-arm64': [ '0.21.5' ],
24 silly audit   '@esbuild/freebsd-x64': [ '0.21.5' ],
24 silly audit   '@esbuild/linux-arm': [ '0.21.5' ],
24 silly audit   '@esbuild/linux-arm64': [ '0.21.5' ],
24 silly audit   '@esbuild/linux-ia32': [ '0.21.5' ],
24 silly audit   '@esbuild/linux-loong64': [ '0.21.5' ],
24 silly audit   '@esbuild/linux-mips64el': [ '0.21.5' ],
24 silly audit   '@esbuild/linux-ppc64': [ '0.21.5' ],
24 silly audit   '@esbuild/linux-riscv64': [ '0.21.5' ],
24 silly audit   '@esbuild/linux-s390x': [ '0.21.5' ],
24 silly audit   '@esbuild/linux-x64': [ '0.21.5' ],
24 silly audit   '@esbuild/netbsd-x64': [ '0.21.5' ],
24 silly audit   '@esbuild/openbsd-x64': [ '0.21.5' ],
24 silly audit   '@esbuild/sunos-x64': [ '0.21.5' ],
24 silly audit   '@esbuild/win32-arm64': [ '0.21.5' ],
24 silly audit   '@esbuild/win32-ia32': [ '0.21.5' ],
24 silly audit   '@esbuild/win32-x64': [ '0.21.5' ],
24 silly audit   '@jridgewell/gen-mapping': [ '0.3.13' ],
24 silly audit   '@jridgewell/remapping': [ '2.3.5' ],
24 silly audit   '@jridgewell/resolve-uri': [ '3.1.2' ],
24 silly audit   '@jridgewell/sourcemap-codec': [ '1.5.5' ],
24 silly audit   '@jridgewell/trace-mapping': [ '0.3.31' ],
24 silly audit   '@rollup/rollup-android-arm-eabi': [ '4.55.1' ],
24 silly audit   '@rollup/rollup-android-arm64': [ '4.55.1' ],
24 silly audit   '@rollup/rollup-darwin-arm64': [ '4.55.1' ],
24 silly audit   '@rollup/rollup-darwin-x64': [ '4.55.1' ],
24 silly audit   '@rollup/rollup-freebsd-arm64': [ '4.55.1' ],
24 silly audit   '@rollup/rollup-freebsd-x64': [ '4.55.1' ],
24 silly audit   '@rollup/rollup-linux-arm-gnueabihf': [ '4.55.1' ],
24 silly audit   '@rollup/rollup-linux-arm-musleabihf': [ '4.55.1' ],
24 silly audit   '@rollup/rollup-linux-arm64-gnu': [ '4.55.1' ],
24 silly audit   '@rollup/rollup-linux-arm64-musl': [ '4.55.1' ],
24 silly audit   '@rollup/rollup-linux-loong64-gnu': [ '4.55.1' ],
24 silly audit   '@rollup/rollup-linux-loong64-musl': [ '4.55.1' ],
24 silly audit   '@rollup/rollup-linux-ppc64-gnu': [ '4.55.1' ],
24 silly audit   '@rollup/rollup-linux-ppc64-musl': [ '4.55.1' ],
24 silly audit   '@rollup/rollup-linux-riscv64-gnu': [ '4.55.1' ],
24 silly audit   '@rollup/rollup-linux-riscv64-musl': [ '4.55.1' ],
24 silly audit   '@rollup/rollup-linux-s390x-gnu': [ '4.55.1' ],
24 silly audit   '@rollup/rollup-linux-x64-gnu': [ '4.55.1' ],
24 silly audit   '@rollup/rollup-linux-x64-musl': [ '4.55.1' ],
24 silly audit   '@rollup/rollup-openbsd-x64': [ '4.55.1' ],
24 silly audit   '@rollup/rollup-openharmony-arm64': [ '4.55.1' ],
24 silly audit   '@rollup/rollup-win32-arm64-msvc': [ '4.55.1' ],
24 silly audit   '@rollup/rollup-win32-ia32-msvc': [ '4.55.1' ],
24 silly audit   '@rollup/rollup-win32-x64-gnu': [ '4.55.1' ],
24 silly audit   '@rollup/rollup-win32-x64-msvc': [ '4.55.1' ],
24 silly audit   '@sveltejs/acorn-typescript': [ '1.0.8' ],
24 silly audit   '@sveltejs/vite-plugin-svelte': [ '4.0.4' ],
24 silly audit   '@sveltejs/vite-plugin-svelte-inspector': [ '3.0.1' ],
24 silly audit   '@tsconfig/svelte': [ '5.0.6' ],
24 silly audit   '@types/estree': [ '1.0.8' ],
24 silly audit   acorn: [ '8.15.0' ],
24 silly audit   'aria-query': [ '5.3.2' ],
24 silly audit   'axobject-query': [ '4.1.0' ],
24 silly audit   chokidar: [ '4.0.3' ],
24 silly audit   clsx: [ '2.1.1' ],
24 silly audit   commander: [ '7.2.0' ],
24 silly audit   d3: [ '7.9.0' ],
24 silly audit   'd3-array': [ '3.2.4' ],
24 silly audit   'd3-axis': [ '3.0.0' ],
24 silly audit   'd3-brush': [ '3.0.0' ],
24 silly audit   'd3-chord': [ '3.0.1' ],
24 silly audit   'd3-color': [ '3.1.0' ],
24 silly audit   'd3-contour': [ '4.0.2' ],
24 silly audit   'd3-delaunay': [ '6.0.4' ],
24 silly audit   'd3-dispatch': [ '3.0.1' ],
24 silly audit   'd3-drag': [ '3.0.0' ],
24 silly audit   'd3-dsv': [ '3.0.1' ],
24 silly audit   'd3-ease': [ '3.0.1' ],
24 silly audit   'd3-fetch': [ '3.0.1' ],
24 silly audit   'd3-force': [ '3.0.0' ],
24 silly audit   'd3-format': [ '3.1.0' ],
24 silly audit   'd3-geo': [ '3.1.1' ],
24 silly audit   'd3-hierarchy': [ '3.1.2' ],
24 silly audit   'd3-interpolate': [ '3.0.1' ],
24 silly audit   'd3-path': [ '3.1.0' ],
24 silly audit   'd3-polygon': [ '3.0.1' ],
24 silly audit   'd3-quadtree': [ '3.0.1' ],
24 silly audit   'd3-random': [ '3.0.1' ],
24 silly audit   'd3-scale': [ '4.0.2' ],
24 silly audit   'd3-scale-chromatic': [ '3.1.0' ],
24 silly audit   'd3-selection': [ '3.0.0' ],
24 silly audit   'd3-shape': [ '3.2.0' ],
24 silly audit   'd3-time': [ '3.1.0' ],
24 silly audit   'd3-time-format': [ '4.1.0' ],
24 silly audit   'd3-timer': [ '3.0.1' ],
24 silly audit   'd3-transition': [ '3.0.1' ],
24 silly audit   'd3-zoom': [ '3.0.0' ],
24 silly audit   debug: [ '4.4.3' ],
24 silly audit   deepmerge: [ '4.3.1' ],
24 silly audit   delaunator: [ '5.0.1' ],
24 silly audit   devalue: [ '5.6.1' ],
24 silly audit   esbuild: [ '0.21.5' ],
24 silly audit   'esm-env': [ '1.2.2' ],
24 silly audit   esrap: [ '2.2.1' ],
24 silly audit   fdir: [ '6.5.0' ],
24 silly audit   fsevents: [ '2.3.3' ],
24 silly audit   'iconv-lite': [ '0.6.3' ],
24 silly audit   internmap: [ '2.0.3' ],
24 silly audit   'is-reference': [ '3.0.3' ],
24 silly audit   kleur: [ '4.1.5' ],
24 silly audit   'locate-character': [ '3.0.0' ],
24 silly audit   'magic-string': [ '0.30.21' ],
24 silly audit   mri: [ '1.2.0' ],
24 silly audit   ms: [ '2.1.3' ],
24 silly audit   nanoid: [ '3.3.11' ],
24 silly audit   picocolors: [ '1.1.1' ],
24 silly audit   postcss: [ '8.5.6' ],
24 silly audit   readdirp: [ '4.1.2' ],
24 silly audit   'robust-predicates': [ '3.0.2' ],
24 silly audit   rollup: [ '4.55.1' ],
24 silly audit   rw: [ '1.3.3' ],
24 silly audit   sade: [ '1.8.1' ],
24 silly audit   'safer-buffer': [ '2.1.2' ],
24 silly audit   'source-map-js': [ '1.2.1' ],
24 silly audit   svelte: [ '5.46.1' ],
24 silly audit   'svelte-check': [ '4.3.5' ],
24 silly audit   typescript: [ '5.9.3' ],
24 silly audit   vite: [ '5.4.21' ],
24 silly audit   vitefu: [ '1.1.1' ],
24 silly audit   zimmerframe: [ '1.1.4' ],
24 silly audit   'lucide-svelte': [ '0.562.0' ]
24 silly audit }
25 verbose reify failed optional dependency /Users/topi/proj/ai-experiments/remind/web/node_modules/@rollup/rollup-win32-x64-msvc
26 silly reify mark deleted [
26 silly reify   '/Users/topi/proj/ai-experiments/remind/web/node_modules/@rollup/rollup-win32-x64-msvc'
26 silly reify ]
27 verbose reify failed optional dependency /Users/topi/proj/ai-experiments/remind/web/node_modules/@rollup/rollup-win32-x64-gnu
28 silly reify mark deleted [
28 silly reify   '/Users/topi/proj/ai-experiments/remind/web/node_modules/@rollup/rollup-win32-x64-gnu'
28 silly reify ]
29 verbose reify failed optional dependency /Users/topi/proj/ai-experiments/remind/web/node_modules/@rollup/rollup-win32-ia32-msvc
30 silly reify mark deleted [
30 silly reify   '/Users/topi/proj/ai-experiments/remind/web/node_modules/@rollup/rollup-win32-ia32-msvc'
30 silly reify ]
31 verbose reify failed optional dependency /Users/topi/proj/ai-experiments/remind/web/node_modules/@rollup/rollup-win32-arm64-msvc
32 silly reify mark deleted [
32 silly reify   '/Users/topi/proj/ai-experiments/remind/web/node_modules/@rollup/rollup-win32-arm64-msvc'
32 silly reify ]
33 verbose reify failed optional dependency /Users/topi/proj/ai-experiments/remind/web/node_modules/@rollup/rollup-openharmony-arm64
34 silly reify mark deleted [
34 silly reify   '/Users/topi/proj/ai-experiments/remind/web/node_modules/@rollup/rollup-openharmony-arm64'
34 silly reify ]
35 verbose reify failed optional dependency /Users/topi/proj/ai-experiments/remind/web/node_modules/@rollup/rollup-openbsd-x64
36 silly reify mark deleted [
36 silly reify   '/Users/topi/proj/ai-experiments/remind/web/node_modules/@rollup/rollup-openbsd-x64'
36 silly reify ]
37 verbose reify failed optional dependency /Users/topi/proj/ai-experiments/remind/web/node_modules/@rollup/rollup-linux-x64-musl
38 silly reify mark deleted [
38 silly reify   '/Users/topi/proj/ai-experiments/remind/web/node_modules/@rollup/rollup-linux-x64-musl'
38 silly reify ]
39 verbose reify failed optional dependency /Users/topi/proj/ai-experiments/remind/web/node_modules/@rollup/rollup-linux-x64-gnu
40 silly reify mark deleted [
40 silly reify   '/Users/topi/proj/ai-experiments/remind/web/node_modules/@rollup/rollup-linux-x64-gnu'
40 silly reify ]
41 verbose reify failed optional dependency /Users/topi/proj/ai-experiments/remind/web/node_modules/@rollup/rollup-linux-s390x-gnu
42 silly reify mark deleted [
42 silly reify   '/Users/topi/proj/ai-experiments/remind/web/node_modules/@rollup/rollup-linux-s390x-gnu'
42 silly reify ]
43 verbose reify failed optional dependency /Users/topi/proj/ai-experiments/remind/web/node_modules/@rollup/rollup-linux-riscv64-musl
44 silly reify mark deleted [
44 silly reify   '/Users/topi/proj/ai-experiments/remind/web/node_modules/@rollup/rollup-linux-riscv64-musl'
44 silly reify ]
45 verbose reify failed optional dependency /Users/topi/proj/ai-experiments/remind/web/node_modules/@rollup/rollup-linux-riscv64-gnu
46 silly reify mark deleted [
46 silly reify   '/Users/topi/proj/ai-experiments/remind/web/node_modules/@rollup/rollup-linux-riscv64-gnu'
46 silly reify ]
47 verbose reify failed optional dependency /Users/topi/proj/ai-experiments/remind/web/node_modules/@rollup/rollup-linux-ppc64-musl
48 silly reify mark deleted [
48 silly reify   '/Users/topi/proj/ai-experiments/remind/web/node_modules/@rollup/rollup-linux-ppc64-musl'
48 silly reify ]
49 verbose reify failed optional dependency /Users/topi/proj/ai-experiments/remind/web/node_modules/@rollup/rollup-linux-ppc64-gnu
50 silly reify mark deleted [
50 silly reify   '/Users/topi/proj/ai-experiments/remind/web/node_modules/@rollup/rollup-linux-ppc64-gnu'
50 silly reify ]
51 verbose reify failed optional dependency /Users/topi/proj/ai-experiments/remind/web/node_modules/@rollup/rollup-linux-loong64-musl
52 silly reify mark deleted [
52 silly reify   '/Users/topi/proj/ai-experiments/remind/web/node_modules/@rollup/rollup-linux-loong64-musl'
52 silly reify ]
53 verbose reify failed optional dependency /Users/topi/proj/ai-experiments/remind/web/node_modules/@rollup/rollup-linux-loong64-gnu
54 silly reify mark deleted [
54 silly reify   '/Users/topi/proj/ai-experiments/remind/web/node_modules/@rollup/rollup-linux-loong64-gnu'
54 silly reify ]
55 verbose reify failed optional dependency /Users/topi/proj/ai-experiments/remind/web/node_modules/@rollup/rollup-linux-arm64-musl
56 silly reify mark deleted [
56 silly reify   '/Users/topi/proj/ai-experiments/remind/web/node_modules/@rollup/rollup-linux-arm64-musl'
56 silly reify ]
57 verbose reify failed optional dependency /Users/topi/proj/ai-experiments/remind/web/node_modules/@rollup/rollup-linux-arm64-gnu
58 silly reify mark deleted [
58 silly reify   '/Users/topi/proj/ai-experiments/remind/web/node_modules/@rollup/rollup-linux-arm64-gnu'
58 silly reify ]
59 verbose reify failed optional dependency /Users/topi/proj/ai-experiments/remind/web/node_modules/@rollup/rollup-linux-arm-musleabihf
60 silly reify mark deleted [
60 silly reify   '/Users/topi/proj/ai-experiments/remind/web/node_modules/@rollup/rollup-linux-arm-musleabihf'
60 silly reify ]
61 verbose reify failed optional dependency /Users/topi/proj/ai-experiments/remind/web/node_modules/@rollup/rollup-linux-arm-gnueabihf
62 silly reify mark deleted [
62 silly reify   '/Users/topi/proj/ai-experiments/remind/web/node_modules/@rollup/rollup-linux-arm-gnueabihf'
62 silly reify ]
63 verbose reify failed optional dependency /Users/topi/proj/ai-experiments/remind/web/node_modules/@rollup/rollup-freebsd-x64
64 silly reify mark deleted [
64 silly reify   '/Users/topi/proj/ai-experiments/remind/web/node_modules/@rollup/rollup-freebsd-x64'
64 silly reify ]
65 verbose reify failed optional dependency /Users/topi/proj/ai-experiments/remind/web/node_modules/@rollup/rollup-freebsd-arm64
66 silly reify mark deleted [
66 silly reify   '/Users/topi/proj/ai-experiments/remind/web/node_modules/@rollup/rollup-freebsd-arm64'
66 silly reify ]
67 verbose reify failed optional dependency /Users/topi/proj/ai-experiments/remind/web/node_modules/@rollup/rollup-darwin-x64
68 silly reify mark deleted [
68 silly reify   '/Users/topi/proj/ai-experiments/remind/web/node_modules/@rollup/rollup-darwin-x64'
68 silly reify ]
69 verbose reify failed optional dependency /Users/topi/proj/ai-experiments/remind/web/node_modules/@rollup/rollup-android-arm64
70 silly reify mark deleted [
70 silly reify   '/Users/topi/proj/ai-experiments/remind/web/node_modules/@rollup/rollup-android-arm64'
70 silly reify ]
71 verbose reify failed optional dependency /Users/topi/proj/ai-experiments/remind/web/node_modules/@rollup/rollup-android-arm-eabi
72 silly reify mark deleted [
72 silly reify   '/Users/topi/proj/ai-experiments/remind/web/node_modules/@rollup/rollup-android-arm-eabi'
72 silly reify ]
73 verbose reify failed optional dependency /Users/topi/proj/ai-experiments/remind/web/node_modules/@esbuild/win32-x64
74 silly reify mark deleted [
74 silly reify   '/Users/topi/proj/ai-experiments/remind/web/node_modules/@esbuild/win32-x64'
74 silly reify ]
75 verbose reify failed optional dependency /Users/topi/proj/ai-experiments/remind/web/node_modules/@esbuild/win32-ia32
76 silly reify mark deleted [
76 silly reify   '/Users/topi/proj/ai-experiments/remind/web/node_modules/@esbuild/win32-ia32'
76 silly reify ]
77 verbose reify failed optional dependency /Users/topi/proj/ai-experiments/remind/web/node_modules/@esbuild/win32-arm64
78 silly reify mark deleted [
78 silly reify   '/Users/topi/proj/ai-experiments/remind/web/node_modules/@esbuild/win32-arm64'
78 silly reify ]
79 verbose reify failed optional dependency /Users/topi/proj/ai-experiments/remind/web/node_modules/@esbuild/sunos-x64
80 silly reify mark deleted [
80 silly reify   '/Users/topi/proj/ai-experiments/remind/web/node_modules/@esbuild/sunos-x64'
80 silly reify ]
81 verbose reify failed optional dependency /Users/topi/proj/ai-experiments/remind/web/node_modules/@esbuild/openbsd-x64
82 silly reify mark deleted [
82 silly reify   '/Users/topi/proj/ai-experiments/remind/web/node_modules/@esbuild/openbsd-x64'
82 silly reify ]
83 verbose reify failed optional dependency /Users/topi/proj/ai-experiments/remind/web/node_modules/@esbuild/netbsd-x64
84 silly reify mark deleted [
84 silly reify   '/Users/topi/proj/ai-experiments/remind/web/node_modules/@esbuild/netbsd-x64'
84 silly reify ]
85 verbose reify failed optional dependency /Users/topi/proj/ai-experiments/remind/web/node_modules/@esbuild/linux-x64
86 silly reify mark deleted [
86 silly reify   '/Users/topi/proj/ai-experiments/remind/web/node_modules/@esbuild/linux-x64'
86 silly reify ]
87 verbose reify failed optional dependency /Users/topi/proj/ai-experiments/remind/web/node_modules/@esbuild/linux-s390x
88 silly reify mark deleted [
88 silly reify   '/Users/topi/proj/ai-experiments/remind/web/node_modules/@esbuild/linux-s390x'
88 silly reify ]
89 verbose reify failed optional dependency /Users/topi/proj/ai-experiments/remind/web/node_modules/@esbuild/linux-riscv64
90 silly reify mark deleted [
90 silly reify   '/Users/topi/proj/ai-experiments/remind/web/node_modules/@esbuild/linux-riscv64'
90 silly reify ]
91 verbose reify failed optional dependency /Users/topi/proj/ai-experiments/remind/web/node_modules/@esbuild/linux-ppc64
92 silly reify mark deleted [
92 silly reify   '/Users/topi/proj/ai-experiments/remind/web/node_modules/@esbuild/linux-ppc64'
92 silly reify ]
93 verbose reify failed optional dependency /Users/topi/proj/ai-experiments/remind/web/node_modules/@esbuild/linux-mips64el
94 silly reify mark deleted [
94 silly reify   '/Users/topi/proj/ai-experiments/remind/web/node_modules/@esbuild/linux-mips64el'
94 silly reify ]
95 verbose reify failed optional dependency /Users/topi/proj/ai-experiments/remind/web/node_modules/@esbuild/linux-loong64
96 silly reify mark deleted [
96 silly reify   '/Users/topi/proj/ai-experiments/remind/web/node_modules/@esbuild/linux-loong64'
96 silly reify ]
97 verbose reify failed optional dependency /Users/topi/proj/ai-experiments/remind/web/node_modules/@esbuild/linux-ia32
98 silly reify mark deleted [
98 silly reify   '/Users/topi/proj/ai-experiments/remind/web/node_modules/@esbuild/linux-ia32'
98 silly reify ]
99 verbose reify failed optional dependency /Users/topi/proj/ai-experiments/remind/web/node_modules/@esbuild/linux-arm64
100 silly reify mark deleted [
100 silly reify   '/Users/topi/proj/ai-experiments/remind/web/node_modules/@esbuild/linux-arm64'
100 silly reify ]
101 verbose reify failed optional dependency /Users/topi/proj/ai-experiments/remind/web/node_modules/@esbuild/linux-arm
102 silly reify mark deleted [
102 silly reify   '/Users/topi/proj/ai-experiments/remind/web/node_modules/@esbuild/linux-arm'
102 silly reify ]
103 verbose reify failed optional dependency /Users/topi/proj/ai-experiments/remind/web/node_modules/@esbuild/freebsd-x64
104 silly reify mark deleted [
104 silly reify   '/Users/topi/proj/ai-experiments/remind/web/node_modules/@esbuild/freebsd-x64'
104 silly reify ]
105 verbose reify failed optional dependency /Users/topi/proj/ai-experiments/remind/web/node_modules/@esbuild/freebsd-arm64
106 silly reify mark deleted [
106 silly reify   '/Users/topi/proj/ai-experiments/remind/web/node_modules/@esbuild/freebsd-arm64'
106 silly reify ]
107 verbose reify failed optional dependency /Users/topi/proj/ai-experiments/remind/web/node_modules/@esbuild/darwin-x64
108 silly reify mark deleted [
108 silly reify   '/Users/topi/proj/ai-experiments/remind/web/node_modules/@esbuild/darwin-x64'
108 silly reify ]
109 verbose reify failed optional dependency /Users/topi/proj/ai-experiments/remind/web/node_modules/@esbuild/android-x64
110 silly reify mark deleted [
110 silly reify   '/Users/topi/proj/ai-experiments/remind/web/node_modules/@esbuild/android-x64'
110 silly reify ]
111 verbose reify failed optional dependency /Users/topi/proj/ai-experiments/remind/web/node_modules/@esbuild/android-arm64
112 silly reify mark deleted [
112 silly reify   '/Users/topi/proj/ai-experiments/remind/web/node_modules/@esbuild/android-arm64'
112 silly reify ]
113 verbose reify failed optional dependency /Users/topi/proj/ai-experiments/remind/web/node_modules/@esbuild/android-arm
114 silly reify mark deleted [
114 silly reify   '/Users/topi/proj/ai-experiments/remind/web/node_modules/@esbuild/android-arm'
114 silly reify ]
115 verbose reify failed optional dependency /Users/topi/proj/ai-experiments/remind/web/node_modules/@esbuild/aix-ppc64
116 silly reify mark deleted [
116 silly reify   '/Users/topi/proj/ai-experiments/remind/web/node_modules/@esbuild/aix-ppc64'
116 silly reify ]
117 http cache lucide-svelte@https://registry.npmjs.org/lucide-svelte/-/lucide-svelte-0.562.0.tgz 1ms (cache hit)
118 silly tarball no local data for lucide-svelte@https://registry.npmjs.org/lucide-svelte/-/lucide-svelte-0.562.0.tgz. Extracting by manifest.
119 http fetch POST 200 https://registry.npmjs.org/-/npm/v1/security/advisories/bulk 218ms
120 silly audit report {
120 silly audit report   esbuild: [
120 silly audit report     {
120 silly audit report       id: 1102341,
120 silly audit report       url: 'https://github.com/advisories/GHSA-67mh-4wv8-2f99',
120 silly audit report       title: 'esbuild enables any website to send any requests to the development server and read the response',
120 silly audit report       severity: 'moderate',
120 silly audit report       vulnerable_versions: '<=0.24.2',
120 silly audit report       cwe: [Array],
120 silly audit report       cvss: [Object]
120 silly audit report     }
120 silly audit report   ]
120 silly audit report }
121 silly packumentCache corgi:https://registry.npmjs.org/esbuild cache-miss
122 http fetch GET 200 https://registry.npmjs.org/esbuild 53ms (cache miss)
123 silly packumentCache corgi:https://registry.npmjs.org/esbuild set size:undefined disposed:false
124 silly packumentCache corgi:https://registry.npmjs.org/vite cache-miss
125 http fetch GET 200 https://registry.npmjs.org/vite 57ms (cache miss)
126 silly packumentCache corgi:https://registry.npmjs.org/vite set size:undefined disposed:false
127 silly packumentCache corgi:https://registry.npmjs.org/@sveltejs%2fvite-plugin-svelte cache-miss
128 silly packumentCache corgi:https://registry.npmjs.org/@sveltejs%2fvite-plugin-svelte-inspector cache-miss
129 silly packumentCache corgi:https://registry.npmjs.org/vitefu cache-miss
130 http fetch GET 200 https://registry.npmjs.org/vitefu 302ms (cache miss)
131 silly packumentCache corgi:https://registry.npmjs.org/vitefu set size:undefined disposed:false
132 http fetch GET 200 https://registry.npmjs.org/lucide-svelte/-/lucide-svelte-0.562.0.tgz 868ms (cache miss)
133 http fetch GET 200 https://registry.npmjs.org/@sveltejs%2fvite-plugin-svelte-inspector 646ms (cache miss)
134 silly packumentCache corgi:https://registry.npmjs.org/@sveltejs%2fvite-plugin-svelte-inspector set size:undefined disposed:false
135 http fetch GET 200 https://registry.npmjs.org/@sveltejs%2fvite-plugin-svelte 942ms (cache miss)
136 silly packumentCache corgi:https://registry.npmjs.org/@sveltejs%2fvite-plugin-svelte set size:undefined disposed:false
137 silly ADD node_modules/lucide-svelte
138 silly ADD
139 silly ADD
140 silly ADD
141 silly ADD
142 silly ADD
143 silly ADD
144 silly ADD
145 silly ADD
146 silly ADD
147 silly ADD
148 silly ADD
149 silly ADD
150 silly ADD
151 silly ADD
152 silly ADD
153 silly ADD
154 silly ADD
155 silly ADD
156 silly ADD
157 silly ADD
158 silly ADD
159 silly ADD
160 silly ADD
161 silly ADD
162 silly ADD
163 silly ADD
164 silly ADD
165 silly ADD
166 silly ADD
167 silly ADD
168 silly ADD
169 silly ADD
170 silly ADD
171 silly ADD
172 silly ADD
173 silly ADD
174 silly ADD
175 silly ADD
176 silly ADD
177 silly ADD
178 silly ADD
179 silly ADD
180 silly ADD
181 silly ADD
182 silly ADD
183 silly ADD
184 verbose cwd /Users/topi/proj/ai-experiments/remind/web
185 verbose os Darwin 25.1.0
186 verbose node v22.14.0
187 verbose npm  v10.9.2
188 verbose exit 0
189 info ok
