2025-11-03 15:54:28 | temoa.cli | INFO | Logging initialized. Log file at: output_files/2025-11-03_155428/temoa-run.log
2025-11-03 15:54:28 | temoa.core.config | INFO | Scenario Name:  zulu
2025-11-03 15:54:28 | temoa.core.config | INFO | Data source:  data_files/example_dbs/utopia.sqlite
2025-11-03 15:54:28 | temoa.core.config | INFO | Data target:  data_files/example_dbs/utopia.sqlite
2025-11-03 15:54:28 | temoa.core.config | INFO | Mode:  PERFECT_FORESIGHT
2025-11-03 15:54:32 | temoa.cli | INFO | Full run mode selected. Calling start().
2025-11-03 15:54:32 | temoa._internal.temoa_sequencer | INFO | Executing scenario in mode: TemoaMode.PERFECT_FORESIGHT
2025-11-03 15:54:32 | temoa.data_io.hybrid_loader | INFO | Loading data dictionary
2025-11-03 15:54:32 | temoa.model_checking.commodity_network_manager | INFO | Starting network analysis for region utopia
2025-11-03 15:54:32 | temoa.utilities.visualizer | INFO | Generated graph HTML at: /Users/anilr/Documents/projects/TemoaProject/temoa/output_files/2025-11-03_155428/Network_Graph_utopia_1990.html
2025-11-03 15:54:32 | temoa.model_checking.commodity_graph | INFO | Generated network graphs at: /Users/anilr/Documents/projects/TemoaProject/temoa/output_files/2025-11-03_155428/Network_Graph_utopia_1990.html
2025-11-03 15:54:32 | temoa.utilities.visualizer | INFO | Generated graph HTML at: /Users/anilr/Documents/projects/TemoaProject/temoa/output_files/2025-11-03_155428/Network_Graph_utopia_2000.html
2025-11-03 15:54:32 | temoa.model_checking.commodity_graph | INFO | Generated network graphs at: /Users/anilr/Documents/projects/TemoaProject/temoa/output_files/2025-11-03_155428/Network_Graph_utopia_2000.html
2025-11-03 15:54:32 | temoa.utilities.visualizer | INFO | Generated graph HTML at: /Users/anilr/Documents/projects/TemoaProject/temoa/output_files/2025-11-03_155428/Network_Graph_utopia_2010.html
2025-11-03 15:54:32 | temoa.model_checking.commodity_graph | INFO | Generated network graphs at: /Users/anilr/Documents/projects/TemoaProject/temoa/output_files/2025-11-03_155428/Network_Graph_utopia_2010.html
2025-11-03 15:54:32 | temoa._internal.run_actions | INFO | Started creating model instance from data
2025-11-03 15:54:32 | temoa.components.time | INFO | Running a seasonal time slice database. This behaviour can be changed using the time_sequencing parameter in the config file. 
2025-11-03 15:54:32 | temoa.components.commodities | INFO | Missing some time slices for Demand Specific Distribution ('utopia', 1990, 'RH'): {('summer', 'night'), ('summer', 'day')}
2025-11-03 15:54:32 | temoa.components.commodities | INFO | Missing some time slices for Demand Specific Distribution ('utopia', 2010, 'RH'): {('summer', 'night'), ('summer', 'day')}
2025-11-03 15:54:32 | temoa.components.commodities | INFO | Missing some time slices for Demand Specific Distribution ('utopia', 2000, 'RH'): {('summer', 'night'), ('summer', 'day')}
2025-11-03 15:54:32 | temoa._internal.run_actions | INFO | Finished creating model instance from data
2025-11-03 15:54:32 | temoa._internal.run_actions | INFO | model built...  Variables: 1095, Constraints: 1486
2025-11-03 15:54:32 | temoa.model_checking.pricing_check | INFO | Started price checking model: unknown
2025-11-03 15:54:32 | temoa.model_checking.pricing_check | INFO | Finished Price Checking Build Action
2025-11-03 15:54:32 | temoa._internal.run_actions | INFO | Starting the solve process using cbc solver on model unknown
2025-11-03 15:54:32 | pyomo.solvers | WARNING | Could not locate the 'cbc' executable, which is required for solver cbc
2025-11-03 15:54:32 | temoa.cli | ERROR | An unhandled error occurred during the Temoa run.
Traceback (most recent call last):
  File "/Users/anilr/Documents/projects/TemoaProject/temoa/temoa/cli.py", line 233, in run
    ts.start()
  File "/Users/anilr/Documents/projects/TemoaProject/temoa/temoa/_internal/temoa_sequencer.py", line 134, in start
    self._run_perfect_foresight()
  File "/Users/anilr/Documents/projects/TemoaProject/temoa/temoa/_internal/temoa_sequencer.py", line 197, in _run_perfect_foresight
    self.pf_solved_instance, self.pf_results = solve_instance(
                                               ^^^^^^^^^^^^^^^
  File "/Users/anilr/Documents/projects/TemoaProject/temoa/temoa/_internal/run_actions.py", line 308, in solve_instance
    result = optimizer.solve(instance, suffixes=solver_suffixes)
             ^^^^^^^^^^^^^^^^^^^^^^^^^^^^^^^^^^^^^^^^^^^^^^^^^^^
  File "/Users/anilr/Documents/projects/TemoaProject/temoa/.venv/lib/python3.12/site-packages/pyomo/opt/base/solvers.py", line 560, in solve
    self.available(exception_flag=True)
  File "/Users/anilr/Documents/projects/TemoaProject/temoa/.venv/lib/python3.12/site-packages/pyomo/opt/solver/shellcmd.py", line 140, in available
    raise ApplicationError(msg % self.name)
pyomo.common.errors.ApplicationError: No executable found for solver 'cbc'
