2025-07-08 17:57:50 | INFO     | DF | Running on torch 2.6.0+cpu
2025-07-08 17:57:50 | INFO     | DF | Running on host DESKTOP-H9C1N2V
2025-07-08 17:57:51 | INFO     | DF | Git commit: f22781e, branch: master
2025-07-08 17:57:51 | INFO     | DF | Loading model settings of DeepFilterNet3
2025-07-08 17:57:51 | INFO     | DF | Initializing model `deepfilternet3`
2025-07-08 17:57:51 | INFO     | DF | Found checkpoint ./DeepFilterNet3\checkpoints\model_120.ckpt.best with epoch 120
2025-07-08 17:57:51 | INFO     | DF | Running on device cpu
2025-07-08 17:57:51 | INFO     | DF | Model loaded
2025-07-08 17:58:40 | INFO     | DF | Running on torch 2.6.0+cpu
2025-07-08 17:58:40 | INFO     | DF | Running on host DESKTOP-H9C1N2V
2025-07-08 17:58:40 | INFO     | DF | Git commit: f22781e, branch: master
2025-07-08 17:58:40 | INFO     | DF | Loading model settings of DeepFilterNet3
2025-07-08 17:58:40 | INFO     | DF | Initializing model `deepfilternet3`
2025-07-08 17:58:40 | INFO     | DF | Found checkpoint ./DeepFilterNet3\checkpoints\model_120.ckpt.best with epoch 120
2025-07-08 17:58:40 | INFO     | DF | Running on device cpu
2025-07-08 17:58:40 | INFO     | DF | Model loaded
2025-07-09 12:19:19 | INFO     | DF | Running on torch 2.6.0+cpu
2025-07-09 12:19:19 | INFO     | DF | Running on host DESKTOP-H9C1N2V
2025-07-09 12:19:20 | INFO     | DF | Git commit: f22781e, branch: master
2025-07-09 12:19:20 | INFO     | DF | Loading model settings of DeepFilterNet3
2025-07-09 12:19:20 | INFO     | DF | Initializing model `deepfilternet3`
2025-07-09 12:19:20 | INFO     | DF | Found checkpoint ./DeepFilterNet3\checkpoints\model_120.ckpt.best with epoch 120
2025-07-09 12:19:20 | INFO     | DF | Running on device cpu
2025-07-09 12:19:20 | INFO     | DF | Model loaded
2025-07-11 09:09:25 | INFO     | DF | Running on torch 2.6.0+cpu
2025-07-11 09:09:25 | INFO     | DF | Running on host DESKTOP-H9C1N2V
2025-07-11 09:09:25 | INFO     | DF | Git commit: f22781e, branch: master
2025-07-11 09:09:25 | INFO     | DF | Loading model settings of DeepFilterNet3
2025-07-11 09:09:25 | INFO     | DF | Initializing model `deepfilternet3`
2025-07-11 09:09:25 | INFO     | DF | Found checkpoint ./DeepFilterNet3\checkpoints\model_120.ckpt.best with epoch 120
2025-07-11 09:09:25 | INFO     | DF | Running on device cpu
2025-07-11 09:09:25 | INFO     | DF | Model loaded
2025-07-14 11:18:13 | INFO     | DF | Running on torch 2.6.0+cpu
2025-07-14 11:18:13 | INFO     | DF | Running on host DESKTOP-H9C1N2V
2025-07-14 11:18:13 | INFO     | DF | Git commit: f22781e, branch: master
2025-07-14 11:18:13 | INFO     | DF | Loading model settings of DeepFilterNet3
2025-07-14 11:18:14 | INFO     | DF | Initializing model `deepfilternet3`
2025-07-14 11:18:14 | INFO     | DF | Found checkpoint ./DeepFilterNet3\checkpoints\model_120.ckpt.best with epoch 120
2025-07-14 11:18:14 | INFO     | DF | Running on device cpu
2025-07-14 11:18:14 | INFO     | DF | Model loaded
2025-07-15 12:55:09 | INFO     | DF | Running on torch 2.6.0+cpu
2025-07-15 12:55:09 | INFO     | DF | Running on host DESKTOP-H9C1N2V
2025-07-15 12:55:09 | INFO     | DF | Git commit: f22781e, branch: master
2025-07-15 12:55:09 | INFO     | DF | Loading model settings of DeepFilterNet3
2025-07-15 12:55:09 | INFO     | DF | Initializing model `deepfilternet3`
2025-07-15 12:55:09 | INFO     | DF | Found checkpoint ./DeepFilterNet3\checkpoints\model_120.ckpt.best with epoch 120
2025-07-15 12:55:09 | INFO     | DF | Running on device cpu
2025-07-15 12:55:09 | INFO     | DF | Model loaded
2025-09-03 14:27:30 | INFO     | DF | Running on torch 2.6.0+cpu
2025-09-03 14:27:30 | INFO     | DF | Running on host DESKTOP-H9C1N2V
2025-09-03 14:27:30 | INFO     | DF | Git commit: f22781e, branch: master
2025-09-03 14:27:30 | INFO     | DF | Loading model settings of DeepFilterNet3
2025-09-03 14:27:30 | INFO     | DF | Initializing model `deepfilternet3`
2025-09-03 14:27:30 | INFO     | DF | Found checkpoint ./DeepFilterNet3\checkpoints\model_120.ckpt.best with epoch 120
2025-09-03 14:27:30 | INFO     | DF | Running on device cpu
2025-09-03 14:27:30 | INFO     | DF | Model loaded
2025-10-07 11:57:16 | INFO     | DF | Running on torch 2.6.0+cpu
2025-10-07 11:57:16 | INFO     | DF | Running on host DESKTOP-H9C1N2V
2025-10-07 11:57:16 | INFO     | DF | Git commit: f22781e, branch: master
2025-10-07 11:57:16 | INFO     | DF | Loading model settings of DeepFilterNet3
2025-10-07 11:57:16 | INFO     | DF | Initializing model `deepfilternet3`
2025-10-07 11:57:16 | INFO     | DF | Found checkpoint ./DeepFilterNet3\checkpoints\model_120.ckpt.best with epoch 120
2025-10-07 11:57:16 | INFO     | DF | Running on device cpu
2025-10-07 11:57:16 | INFO     | DF | Model loaded
2025-10-14 15:11:21 | INFO     | DF | Running on torch 2.8.0+cpu
2025-10-14 15:11:21 | INFO     | DF | Running on host DESKTOP-H9C1N2V
2025-10-14 15:11:21 | INFO     | DF | Loading model settings of DeepFilterNet3
2025-10-14 15:11:21 | INFO     | DF | Initializing model `deepfilternet3`
2025-10-14 15:11:22 | INFO     | DF | Found checkpoint ./DeepFilterNet3\checkpoints\model_120.ckpt.best with epoch 120
2025-10-14 15:11:22 | INFO     | DF | Running on device cpu
2025-10-14 15:11:22 | INFO     | DF | Model loaded
2025-10-29 09:35:15 | INFO     | DF | Running on torch 2.8.0+cpu
2025-10-29 09:35:15 | INFO     | DF | Running on host DESKTOP-H9C1N2V
2025-10-29 09:35:15 | INFO     | DF | Loading model settings of DeepFilterNet3
2025-10-29 09:35:15 | INFO     | DF | Running with post-filter (beta: 0.02)
2025-10-29 09:35:15 | INFO     | DF | Initializing model `deepfilternet3`
2025-10-29 09:35:15 | INFO     | DF | Found checkpoint ./DeepFilterNet3\checkpoints\model_120.ckpt.best with epoch 120
2025-10-29 09:35:16 | INFO     | DF | Running on device cpu
2025-10-29 09:35:16 | INFO     | DF | Model loaded
2025-10-29 14:46:28 | INFO     | DF | Running on torch 2.8.0+cpu
2025-10-29 14:46:28 | INFO     | DF | Running on host DESKTOP-H9C1N2V
2025-10-29 14:46:28 | INFO     | DF | Loading model settings of DeepFilterNet3
2025-10-29 14:46:28 | INFO     | DF | Running with post-filter (beta: 0.02)
2025-10-29 14:46:28 | INFO     | DF | Initializing model `deepfilternet3`
2025-10-29 14:46:28 | INFO     | DF | Found checkpoint ./DeepFilterNet3\checkpoints\model_120.ckpt.best with epoch 120
2025-10-29 14:46:28 | INFO     | DF | Running on device cpu
2025-10-29 14:46:28 | INFO     | DF | Model loaded
2025-10-29 14:50:00 | INFO     | DF | Running on torch 2.8.0+cpu
2025-10-29 14:50:00 | INFO     | DF | Running on host DESKTOP-H9C1N2V
2025-10-29 14:50:00 | INFO     | DF | Loading model settings of DeepFilterNet3
2025-10-29 14:50:00 | INFO     | DF | Running with post-filter (beta: 0.02)
2025-10-29 14:50:00 | INFO     | DF | Initializing model `deepfilternet3`
2025-10-29 14:50:00 | INFO     | DF | Found checkpoint ./DeepFilterNet3\checkpoints\model_120.ckpt.best with epoch 120
2025-10-29 14:50:00 | INFO     | DF | Running on device cpu
2025-10-29 14:50:00 | INFO     | DF | Model loaded
2025-11-18 11:49:18 | INFO     | DF | Running on torch 2.8.0+cpu
2025-11-18 11:49:18 | INFO     | DF | Running on host DESKTOP-H9C1N2V
2025-11-18 11:49:18 | INFO     | DF | Loading model settings of DeepFilterNet3
2025-11-18 11:49:19 | INFO     | DF | Running with post-filter (beta: 0.02)
2025-11-18 11:49:19 | INFO     | DF | Initializing model `deepfilternet3`
2025-11-18 11:49:19 | INFO     | DF | Found checkpoint ./DeepFilterNet3\checkpoints\model_120.ckpt.best with epoch 120
2025-11-18 11:49:19 | INFO     | DF | Running on device cpu
2025-11-18 11:49:19 | INFO     | DF | Model loaded
2025-12-03 16:53:30 | INFO     | DF | Running on torch 2.8.0+cpu
2025-12-03 16:53:30 | INFO     | DF | Running on host DESKTOP-H9C1N2V
2025-12-03 16:53:30 | INFO     | DF | Loading model settings of DeepFilterNet3
2025-12-03 16:53:30 | INFO     | DF | Running with post-filter (beta: 0.02)
2025-12-03 16:53:30 | INFO     | DF | Initializing model `deepfilternet3`
2025-12-03 16:53:30 | INFO     | DF | Found checkpoint ./DeepFilterNet3\checkpoints\model_120.ckpt.best with epoch 120
2025-12-03 16:53:30 | INFO     | DF | Running on device cpu
2025-12-03 16:53:30 | INFO     | DF | Model loaded
2026-01-05 12:23:51 | INFO     | DF | Running on torch 2.0.1+cpu
2026-01-05 12:23:51 | INFO     | DF | Running on host DESKTOP-H9C1N2V
2026-01-05 12:23:51 | INFO     | DF | Git commit: af963b7, branch: main
2026-01-05 12:23:51 | INFO     | DF | Loading model settings of DeepFilterNet3
2026-01-05 12:23:51 | INFO     | DF | Running with post-filter (beta: 0.02)
2026-01-05 12:23:51 | INFO     | DF | Initializing model `deepfilternet3`
2026-01-05 12:23:51 | INFO     | DF | Found checkpoint D:\New folder\mashood-neural-snr\neural_snr\DeepFilterNet3\checkpoints\model_120.ckpt.best with epoch 120
2026-01-05 12:23:51 | INFO     | DF | Running on device cpu
2026-01-05 12:23:51 | INFO     | DF | Model loaded
2026-01-05 12:24:56 | INFO     | DF | Running on torch 2.0.1+cpu
2026-01-05 12:24:56 | INFO     | DF | Running on host DESKTOP-H9C1N2V
2026-01-05 12:24:56 | INFO     | DF | Git commit: af963b7, branch: main
2026-01-05 12:24:56 | INFO     | DF | Loading model settings of DeepFilterNet3
2026-01-05 12:24:56 | INFO     | DF | Running with post-filter (beta: 0.02)
2026-01-05 12:24:56 | INFO     | DF | Initializing model `deepfilternet3`
2026-01-05 12:24:56 | INFO     | DF | Found checkpoint D:\New folder\mashood-neural-snr\neural_snr\DeepFilterNet3\checkpoints\model_120.ckpt.best with epoch 120
2026-01-05 12:24:56 | INFO     | DF | Running on device cpu
2026-01-05 12:24:56 | INFO     | DF | Model loaded
